<?xml version="1.0" encoding="UTF-8"?>
<!-- Generated by org.testng.reporters.JUnitReportReporter -->
<testsuite skipped="0" hostname="HLLT-PFOU4XQK" name="tests.SortTest" tests="17" failures="0" timestamp="2023-03-09T14:34:03 IST" time="78.779" errors="0">
  <testcase name="tc10_performanceGlitchUser_priceHightoLow" time="8.255" classname="tests.SortTest"/>
  <system-out/>
  <testcase name="tc06_login" time="9.763" classname="tests.SortTest"/>
  <system-out/>
  <testcase name="tc03_standardUser_priceLowtoHigh" time="3.180" classname="tests.SortTest"/>
  <system-out/>
  <testcase name="tc11_logout" time="2.146" classname="tests.SortTest"/>
  <system-out/>
  <testcase name="tc13_problemUser_nameZtoA" time="2.605" classname="tests.SortTest"/>
  <system-out/>
  <testcase name="tc17_logout" time="2.141" classname="tests.SortTest"/>
  <system-out/>
  <testcase name="tc01_standardUser_nameZtoA" time="2.919" classname="tests.SortTest"/>
  <system-out/>
  <testcase name="tc08_performanceGlitchUser_nameAtoZ" time="8.170" classname="tests.SortTest"/>
  <system-out/>
  <testcase name="tc14_problemUser_nameAtoZ" time="3.125" classname="tests.SortTest"/>
  <system-out/>
  <testcase name="tc15_problemUser_priceLowtoHigh" time="3.268" classname="tests.SortTest"/>
  <system-out/>
  <testcase name="tc09_performanceGlitchUser_priceLowtoHigh" time="8.183" classname="tests.SortTest"/>
  <system-out/>
  <testcase name="tc07_performanceGlitchUser_nameZtoA" time="7.767" classname="tests.SortTest"/>
  <system-out/>
  <testcase name="tc05_logout" time="2.664" classname="tests.SortTest"/>
  <system-out/>
  <testcase name="tc16_problemUser_priceHightoLow" time="3.141" classname="tests.SortTest"/>
  <system-out/>
  <testcase name="tc02_standardUser_nameAtoZ" time="3.347" classname="tests.SortTest"/>
  <system-out/>
  <testcase name="tc12_login" time="4.652" classname="tests.SortTest"/>
  <system-out/>
  <testcase name="tc04_standardUser_priceHightoLow" time="3.453" classname="tests.SortTest"/>
  <system-out/>
</testsuite> <!-- tests.SortTest -->
